<?xml version="1.0" encoding="UTF-8" ?>
<testsuite failures="0" time="0.11" errors="0" skipped="0" tests="2" name="com.expedia.se.dao.MongoEventPersisterTest">
  <properties>
    <property name="java.runtime.name" value="Java(TM) SE Runtime Environment"/>
    <property name="sun.boot.library.path" value="C:\jdk1.6.0_31\jre\bin"/>
    <property name="java.vm.version" value="20.6-b01"/>
    <property name="java.vm.vendor" value="Sun Microsystems Inc."/>
    <property name="java.vendor.url" value="http://java.sun.com/"/>
    <property name="path.separator" value=";"/>
    <property name="guice.disable.misplaced.annotation.check" value="true"/>
    <property name="java.vm.name" value="Java HotSpot(TM) Client VM"/>
    <property name="file.encoding.pkg" value="sun.io"/>
    <property name="user.country" value="CN"/>
    <property name="sun.java.launcher" value="SUN_STANDARD"/>
    <property name="sun.os.patch.level" value="Service Pack 3"/>
    <property name="java.vm.specification.name" value="Java Virtual Machine Specification"/>
    <property name="user.dir" value="E:\P4Projects\Ben_P0030276_4341\splunk-exportor"/>
    <property name="java.runtime.version" value="1.6.0_31-b05"/>
    <property name="java.awt.graphicsenv" value="sun.awt.Win32GraphicsEnvironment"/>
    <property name="java.endorsed.dirs" value="C:\jdk1.6.0_31\jre\lib\endorsed"/>
    <property name="os.arch" value="x86"/>
    <property name="java.io.tmpdir" value="D:\DOCUME~1\0030276\LOCALS~1\Temp\"/>
    <property name="line.separator" value="
"/>
    <property name="java.vm.specification.vendor" value="Sun Microsystems Inc."/>
    <property name="user.variant" value=""/>
    <property name="os.name" value="Windows XP"/>
    <property name="net.sourceforge.cobertura.datafile" value="E:\P4Projects\Ben_P0030276_4341\splunk-exportor\target\cobertura\cobertura.ser"/>
    <property name="classworlds.conf" value="E:\MyProjects\.metadata\.plugins\org.eclipse.m2e.core\launches\m2conf8000557586633715045.tmp"/>
    <property name="sun.jnu.encoding" value="GBK"/>
    <property name="java.library.path" value="C:\jdk1.6.0_31\bin;D:\WINDOWS\Sun\Java\bin;D:\WINDOWS\system32;D:\WINDOWS;C:/Program Files/Java/jre7/bin/client;C:/Program Files/Java/jre7/bin;C:/Program Files/Java/jre7/lib/i386;D:\WINDOWS\system32;D:\WINDOWS;D:\WINDOWS\System32\Wbem;C:\Program Files\apache-maven-3.1.0\bin;D:\Program Files\Perforce;C:\Program Files\Collaborator Client;d:\Program Files\TortoiseSVN\bin;C:\jdk1.6.0_31\bin;E:\Software\spring-tool-suite-3.1.0.RELEASE-e3.8-win32\springsource\sts-3.1.0.RELEASE;;."/>
    <property name="java.specification.name" value="Java Platform API Specification"/>
    <property name="java.class.version" value="50.0"/>
    <property name="sun.management.compiler" value="HotSpot Client Compiler"/>
    <property name="os.version" value="5.1"/>
    <property name="user.home" value="d:\user\0030276"/>
    <property name="user.timezone" value="Asia/Shanghai"/>
    <property name="java.awt.printerjob" value="sun.awt.windows.WPrinterJob"/>
    <property name="java.specification.version" value="1.6"/>
    <property name="file.encoding" value="UTF-8"/>
    <property name="user.name" value="0030276"/>
    <property name="java.class.path" value="/E:/Software/spring-tool-suite-3.1.0.RELEASE-e3.8-win32/springsource/sts-3.1.0.RELEASE/configuration/org.eclipse.osgi/bundles/570/1/.cp/jars/plexus-classworlds-2.4.jar"/>
    <property name="java.vm.specification.version" value="1.0"/>
    <property name="sun.arch.data.model" value="32"/>
    <property name="java.home" value="C:\jdk1.6.0_31\jre"/>
    <property name="sun.java.command" value="org.codehaus.plexus.classworlds.launcher.Launcher -B clean install cobertura:cobertura"/>
    <property name="java.specification.vendor" value="Sun Microsystems Inc."/>
    <property name="user.language" value="zh"/>
    <property name="awt.toolkit" value="sun.awt.windows.WToolkit"/>
    <property name="java.vm.info" value="mixed mode, sharing"/>
    <property name="java.version" value="1.6.0_31"/>
    <property name="java.ext.dirs" value="C:\jdk1.6.0_31\jre\lib\ext;D:\WINDOWS\Sun\Java\lib\ext"/>
    <property name="sun.boot.class.path" value="C:\jdk1.6.0_31\jre\lib\resources.jar;C:\jdk1.6.0_31\jre\lib\rt.jar;C:\jdk1.6.0_31\jre\lib\sunrsasign.jar;C:\jdk1.6.0_31\jre\lib\jsse.jar;C:\jdk1.6.0_31\jre\lib\jce.jar;C:\jdk1.6.0_31\jre\lib\charsets.jar;C:\jdk1.6.0_31\jre\lib\modules\jdk.boot.jar;C:\jdk1.6.0_31\jre\classes"/>
    <property name="java.vendor" value="Sun Microsystems Inc."/>
    <property name="maven.home" value="E:\P4Projects\Ben_P0030276_4341\splunk-exportor\EMBEDDED"/>
    <property name="file.separator" value="\"/>
    <property name="java.vendor.url.bug" value="http://java.sun.com/cgi-bin/bugreport.cgi"/>
    <property name="sun.cpu.endian" value="little"/>
    <property name="sun.io.unicode.encoding" value="UnicodeLittle"/>
    <property name="project.build.outputDirectory" value="E:\P4Projects\Ben_P0030276_4341\splunk-exportor\target\generated-classes\cobertura"/>
    <property name="sun.desktop" value="windows"/>
    <property name="sun.cpu.isalist" value="pentium_pro+mmx pentium_pro pentium+mmx pentium i486 i386 i86"/>
  </properties>
  <testcase time="0.079" classname="com.expedia.se.dao.MongoEventPersisterTest" name="testSaveForMultipleEvents"/>
  <testcase time="0" classname="com.expedia.se.dao.MongoEventPersisterTest" name="testSaveForNoEvent"/>
</testsuite>